<?xml version="1.0" encoding="UTF-8"?>
<!-- Generated by org.testng.reporters.JUnitXMLReporter -->
<testsuite ignored="0" hostname="LAPTOP-3QQ5MNB4" failures="0" tests="1" name="RingPay" time="4.729" errors="0" timestamp="2022-11-05T14:42:33 IST">
  <testcase classname="com.RingPay.TestScripts.RingPayTestScripts" name="@BeforeTest Before" time="1.319">
    <skipped/>
  </testcase> <!-- @BeforeTest Before -->
  <testcase classname="com.RingPay.TestScripts.RingPayTestScripts" name="@AfterTest ringAppQuit" time="-1.667639553812E9">
    <skipped/>
  </testcase> <!-- @AfterTest ringAppQuit -->
  <testcase classname="com.RingPay.TestScripts.RingPayTestScripts" name="kycSkipped" time="0.0">
    <skipped/>
  </testcase> <!-- kycSkipped -->
</testsuite> <!-- RingPay -->
