<?xml version="1.0" encoding="UTF-8"?>
<!-- Generated by org.testng.reporters.JUnitXMLReporter -->
<testsuite ignored="0" hostname="DESKTOP-077G3EM" failures="1" tests="7" name="MLwallet" time="225.473" errors="0" timestamp="2022-09-19T20:58:48 IST">
  <testcase classname="com.RingPay.TestScripts.RingPayTestScripts" name="ringPayAppLaunch" time="9.243"/>
  <testcase classname="com.RingPay.TestScripts.RingPayTestScripts" name="ringPayLogin" time="52.928"/>
  <testcase classname="com.RingPay.TestScripts.RingPayTestScripts" name="ringMerchantPay" time="65.583"/>
  <testcase classname="com.RingPay.TestScripts.RingPayTestScripts" name="ringRepayment" time="60.098"/>
  <testcase classname="com.RingPay.TestScripts.RingPayTestScripts" name="ringLogout" time="8.748"/>
  <testcase classname="com.RingPay.TestScripts.RingPayTestScripts" name="appTearDown" time="0.48"/>
  <testcase classname="com.RingPay.TestScripts.RingPayTestScripts" name="appTearDown" time="0.481">
    <failure type="org.openqa.selenium.NoSuchSessionException" message="Session ID is null. Using WebDriver after calling quit()?
Build info: version: &amp;apos;3.141.59&amp;apos;, revision: &amp;apos;e82be7d358&amp;apos;, time: &amp;apos;2018-11-14T08:17:03&amp;apos;
System info: host: &amp;apos;DESKTOP-077G3EM&amp;apos;, ip: &amp;apos;192.168.1.10&amp;apos;, os.name: &amp;apos;Windows 10&amp;apos;, os.arch: &amp;apos;amd64&amp;apos;, os.version: &amp;apos;10.0&amp;apos;, java.version: &amp;apos;17.0.3&amp;apos;
Driver info: driver.version: RemoteWebDriver">
      <![CDATA[org.openqa.selenium.NoSuchSessionException: Session ID is null. Using WebDriver after calling quit()?
Build info: version: '3.141.59', revision: 'e82be7d358', time: '2018-11-14T08:17:03'
System info: host: 'DESKTOP-077G3EM', ip: '192.168.1.10', os.name: 'Windows 10', os.arch: 'amd64', os.version: '10.0', java.version: '17.0.3'
Driver info: driver.version: RemoteWebDriver
at org.openqa.selenium.remote.HttpCommandExecutor.execute(HttpCommandExecutor.java:125)
at io.appium.java_client.remote.AppiumCommandExecutor.execute(AppiumCommandExecutor.java:239)
at org.openqa.selenium.remote.RemoteWebDriver.execute(RemoteWebDriver.java:552)
at io.appium.java_client.DefaultGenericMobileDriver.execute(DefaultGenericMobileDriver.java:45)
at io.appium.java_client.AppiumDriver.execute(AppiumDriver.java:1)
at io.appium.java_client.android.AndroidDriver.execute(AndroidDriver.java:1)
at org.openqa.selenium.remote.RemoteWebDriver.getScreenshotAs(RemoteWebDriver.java:295)
at com.extent.ExtentReporter.initExtentDriver(ExtentReporter.java:118)
at com.extent.ExtentReporter.screencapture(ExtentReporter.java:310)
at com.extent.ExtentReporter.onTestSuccess(ExtentReporter.java:183)
at java.base/java.util.ArrayList.forEach(ArrayList.java:1511)
... Removed 24 stack frames]]>
    </failure>
  </testcase> <!-- appTearDown -->
</testsuite> <!-- MLwallet -->
