<?xml version="1.0" encoding="UTF-8"?>
<!-- Generated by org.testng.reporters.JUnitXMLReporter -->
<testsuite ignored="0" hostname="LAPTOP-3QQ5MNB4" failures="0" tests="1" name="Default test" time="2.449" errors="0" timestamp="2022-11-11T10:20:57 IST">
  <testcase classname="com.RingPay.TestScripts.RingPayTestScripts" name="@BeforeTest Before" time="2.421">
    <skipped/>
  </testcase> <!-- @BeforeTest Before -->
  <testcase classname="com.RingPay.TestScripts.RingPayTestScripts" name="bannerLogicOnHomePage" time="0.0">
    <skipped/>
  </testcase> <!-- bannerLogicOnHomePage -->
</testsuite> <!-- Default test -->
