<?xml version="1.0" encoding="UTF-8"?>
<!-- Generated by org.testng.reporters.JUnitXMLReporter -->
<testsuite hostname="DESKTOP-M2JB44L" ignored="0" name="Test" tests="1" failures="0" timestamp="2021-05-27T22:47:37 IST" time="7.008" errors="0">
  <testcase name="@BeforeTest init" time="6.959" classname="com.VerifyURL.VerifyURL">
    <skipped/>
  </testcase> <!-- @BeforeTest init -->
  <testcase name="verifyPageresponse" time="0.0" classname="com.VerifyURL.VerifyURL">
    <skipped/>
  </testcase> <!-- verifyPageresponse -->
</testsuite> <!-- Test -->
