<?xml version="1.0" encoding="UTF-8"?>
<!-- Generated by org.testng.reporters.JUnitXMLReporter -->
<testsuite ignored="0" hostname="LAPTOP-618V3I55" failures="0" tests="3" name="MLwallet" time="10.634" errors="0" timestamp="2022-08-29T19:20:58 IST">
  <testcase classname="com.VootKidsScripts.VootKidsScripts" name="@BeforeTest Before" time="0.763">
    <failure type="java.lang.NullPointerException" message="Cannot invoke &amp;quot;String.equals(Object)&amp;quot; because the return value of &amp;quot;com.propertyfilereader.PropertyFileReader.getproperty(String)&amp;quot; is null">
      <![CDATA[java.lang.NullPointerException: Cannot invoke "String.equals(Object)" because the return value of "com.propertyfilereader.PropertyFileReader.getproperty(String)" is null
at com.driverInstance.Drivertools.<init>(Drivertools.java:340)
at com.driverInstance.DriverInstance.<init>(DriverInstance.java:36)
at com.driverInstance.CommandBase.<init>(CommandBase.java:49)
at com.business.vootkids.MLwalletBusinessLogic.<init>(MLwalletBusinessLogic.java:37)
at com.VootKidsScripts.VootKidsScripts.Before(VootKidsScripts.java:16)
... Removed 24 stack frames]]>
    </failure>
  </testcase> <!-- @BeforeTest Before -->
  <testcase classname="com.VootKidsScripts.VootKidsScripts" name="MLwalletapplaunch" time="0.0">
    <skipped/>
  </testcase> <!-- MLwalletapplaunch -->
  <testcase classname="com.VootKidsScripts.VootKidsScripts" name="Login" time="0.0">
    <skipped/>
  </testcase> <!-- Login -->
  <testcase classname="com.VootKidsScripts.VootKidsScripts" name="sendMoney" time="0.0">
    <skipped/>
  </testcase> <!-- sendMoney -->
</testsuite> <!-- MLwallet -->
