<?xml version="1.0" encoding="UTF-8"?>
<!-- Generated by org.testng.reporters.JUnitXMLReporter -->
<testsuite ignored="0" hostname="LAPTOP-618V3I55" failures="0" tests="3" name="vootKids" time="100.89" errors="0" timestamp="2022-08-29T19:01:21 IST">
  <testcase classname="com.VootKidsScripts.VootKidsScripts" name="Allowpopup" time="4.599"/>
  <testcase classname="com.VootKidsScripts.VootKidsScripts" name="Login" time="32.04"/>
  <testcase classname="com.VootKidsScripts.VootKidsScripts" name="sendMoney" time="44.277"/>
</testsuite> <!-- vootKids -->
